Found ConfigField TileEntityRemover_Enabled
Found ConfigField TileEntityTargetList
Fluid: liquidessence
Ore: dustVinteum
Ore: gemBlueTopaz
Ore: gemChimerite
Ore: gemMoonstone
Ore: gemSunstone
Ore: crafterWood
Ore: craftingTableWood
Ore: plankWood
Ore: logWood
Ore: stickWood
Ore: crafterWood
Ore: craftingTableWood
Ore: plankWood
Ore: logWood
Ore: stickWood
Ore: crafterWood
Ore: craftingTableWood
Ore: plankWood
Ore: logWood
Ore: stickWood
Ore: crafterWood
Ore: craftingTableWood
Ore: plankWood
Ore: logWood
Ore: stickWood
Ore: crafterWood
Ore: craftingTableWood
Ore: plankWood
Ore: logWood
Ore: stickWood
Ore: crafterWood
Ore: craftingTableWood
Ore: plankWood
Ore: logWood
Ore: stickWood
Ore: crafterWood
Ore: craftingTableWood
Ore: plankWood
Ore: logWood
Ore: stickWood
Ore: crafterWood
Ore: craftingTableWood
Ore: plankWood
Ore: logWood
Ore: stickWood
Ore: crafterWood
Ore: craftingTableWood
Ore: plankWood
Ore: logWood
Ore: stickWood
Ore: crafterWood
Ore: craftingTableWood
Ore: plankWood
Ore: logWood
Ore: stickWood
Ore: crafterWood
Ore: craftingTableWood
Ore: plankWood
Ore: logWood
Ore: stickWood
Ore: crafterWood
Ore: craftingTableWood
Ore: plankWood
Ore: logWood
Ore: stickWood
Ore: dyeBlue
Ore: glassSoul
Ore: chestWood
Ore: blockGlass
Ore: blockGlass
Ore: blockGlass
Ore: cropRaspberry
Ore: cropBlueberry
Ore: cropBlackberry
Ore: cropMaloberry
Ore: cropBlightberry
Ore: cropDuskberry
Ore: cropSkyberry
Ore: cropStingberry
Ore: taintedSoil
Ore: slabWood
Ore: slabWood
Ore: saplingTree
Ore: saplingTree
Ore: leavesTree
Ore: leavesTree
Ore: leavesTree
Ore: leavesTree
Fluid: bop.liquidpoison
Fluid: bop.springwater
Fluid: bop.honey
Ore: plankWood
Ore: stickWood
Ore: stickWood
Ore: blockMeatRaw
Ore: dyeBlue
Ore: dyeBrown
Ore: dyeGreen
Ore: dyeWhite
Ore: dyeBlack
Ore: gemRuby
Ore: gemPeridot
Ore: gemTopaz
Ore: gemTanzanite
Ore: gemMalachite
Ore: gemSapphire
Ore: oreRuby
Ore: oreTopaz
Ore: orePeridot
Ore: oreTanzanite
Ore: oreMalachite
Ore: oreSapphire
Ore: treeSapling
Ore: treeSapling
Ore: logWood
Ore: logWood
Ore: logWood
Ore: logWood
Ore: logWood
Ore: logWood
Ore: logWood
Ore: logWood
Ore: logWood
Ore: logWood
Ore: logWood
Ore: logWood
Ore: logWood
Ore: logWood
Ore: logWood
Ore: slabWood
Ore: slabWood
Ore: stairWood
Ore: stairWood
Ore: stairWood
Ore: stairWood
Ore: stairWood
Ore: stairWood
Ore: stairWood
Ore: stairWood
Ore: stairWood
Ore: stairWood
Ore: stairWood
Ore: stairWood
Ore: stairWood
Ore: treeLeaves
Ore: treeLeaves
Ore: treeLeaves
Ore: treeLeaves
Ore: treeLeaves
Ore: treeLeaves
Ore: treeLeaves
Ore: treeLeaves
Ore: treeLeaves
Ore: reedTypha
Ore: sandCracked
Ore: treeLeaves
Ore: treeLeaves
Ore: treeLeaves
Ore: treeSapling
Ore: treeSapling
Ore: logWood
Ore: logWood
Ore: logWood
Ore: logWood
Ore: logWood
Ore: logWood
Ore: logWood
Ore: logWood
Ore: logWood
Ore: logWood
Ore: dyeBlack
Ore: dyeBlue
Ore: dyeBrown
Ore: dyeWhite
Ore: cropStrawberry
Ore: plankWood
Ore: slabWood
Ore: slabWood
Ore: stairWood
Ore: stairWood
Ore: stairWood
Ore: stairWood
Ore: stairWood
Ore: stairWood
Ore: stairWood
Ore: stairWood
Ore: stairWood
Ore: gearWood
Ore: gearStone
Ore: gearIron
Ore: gearGold
Ore: gearDiamond
Fluid: oil
Fluid: fuel
Fluid: milk
Fluid: sludge
Fluid: sewage
Fluid: mobessence
Fluid: biofuel
Fluid: meat
Fluid: pinkslime
Fluid: chocolatemilk
Fluid: mushroomsoup
Ore: gemApatite
Ore: ingotCopper
Ore: ingotTin
Ore: ingotBronze
Ore: brickPeat
Ore: dustAsh
Ore: gearBronze
Ore: gearCopper
Ore: gearTin
Ore: pulpWood
Ore: itemBeeswax
Ore: cropCherry
Ore: cropWalnut
Ore: cropChestnut
Ore: cropLemon
Ore: cropPlum
Ore: cropDate
Ore: cropPapaya
Ore: oreApatite
Ore: oreCopper
Ore: oreTin
Ore: dropHoney
Ore: itemPollen
Ore: dropHoneydew
Ore: dropRoyalJelly
Ore: beeComb
Ore: treeSapling
Ore: logWood
Ore: logWood
Ore: logWood
Ore: logWood
Ore: logWood
Ore: logWood
Ore: logWood
Ore: plankWood
Ore: plankWood
Ore: slabWood
Ore: slabWood
Ore: slabWood
Fluid: short.mead
Ore: sandstone
Ore: glass
Ore: oreCoal
Ore: cloth
Ore: blockGold
Ore: blockIron
Ore: blockDiamond
Ore: blockGlowstone
Ore: blockEmerald
Ore: blockRedstone
Ore: coal
Ore: charcoal
Ore: ingotIron
Ore: ingotGold
Ore: dustRedstone
Ore: slimeball
Ore: dustGlowstone
Ore: nuggetGold
Ore: gear
Ore: wire
Ore: motor
Ore: battery
Ore: batteryBox
Ore: copperWire
Ore: tinWire
Ore: ironWire
Ore: aluminumWire
Ore: silverWire
Ore: superconductorWire
Ore: oreYellorite
Ore: blockYellorium
Ore: blockCyanite
Ore: blockGraphite
Ore: blockBlutonium
Ore: ingotYellorium
Ore: ingotCyanite
Ore: ingotGraphite
Ore: ingotBlutonium
Ore: dustYellorium
Ore: dustCyanite
Ore: dustGraphite
Ore: dustBlutonium
Ore: ingotUranium
Ore: ingotPlutonium
Ore: dustUranium
Ore: dustPlutonium
Ore: reactorCasing
Ore: reactorController
Ore: reactorPowerTap
Ore: reactorRedNetPort
Ore: reactorComputerPort
Ore: reactorCoolantPort
Ore: glassReactor
Ore: glassTurbine
Ore: reactorRedstonePort
Ore: turbineHousing
Ore: turbineController
Ore: turbinePowerTap
Ore: turbineFluidPort
Ore: turbineBearing
Ore: turbineRotorShaft
Ore: turbineRotorBlade
Ore: brSmallMachineCyaniteProcessor
Fluid: yellorium
Fluid: cyanite
Fluid: fuelcolumn
Fluid: steam
Fluid: myst.ink.black
Fluid: fluxgoo
Ore: oreCinnabar
Ore: oreInfusedAir
Ore: oreInfusedFire
Ore: oreInfusedWater
Ore: oreInfusedEarth
Ore: oreInfusedOrder
Ore: oreInfusedEntropy
Ore: shardAir
Ore: shardFire
Ore: shardWater
Ore: shardEarth
Ore: shardOrder
Ore: shardEntropy
Ore: oreAmber
Ore: quicksilver
Ore: gemAmber
Ore: nuggetIron
Ore: nuggetCopper
Ore: nuggetTin
Ore: nuggetSilver
Ore: nuggetLead
Ore: nuggetThaumium
Ore: nuggetQuicksilver
Ore: ingotThaumium
Ore: clusterIron
Ore: clusterCopper
Ore: clusterTin
Ore: clusterSilver
Ore: clusterLead
Ore: clusterCinnabar
Ore: clusterGold
Ore: logWood
Ore: logWood
Ore: plankWood
Ore: plankWood
Fluid: rc ethanol
Fluid: jet fuel
Fluid: lubricant
Fluid: liquid nitrogen
Ore: itemFertilizer
Ore: itemTar
Ore: hambone
Ore: blockRubber
Fluid: iron.molten
Fluid: gold.molten
Fluid: copper.molten
Fluid: tin.molten
Fluid: aluminum.molten
Fluid: cobalt.molten
Fluid: ardite.molten
Fluid: bronze.molten
Fluid: aluminumbrass.molten
Fluid: manyullyn.molten
Fluid: alumite.molten
Fluid: obsidian.molten
Fluid: steel.molten
Fluid: glass.molten
Fluid: stone.seared
Fluid: emerald.liquid
Fluid: blood
Fluid: nickel.molten
Fluid: lead.molten
Fluid: silver.molten
Fluid: platinum.molten
Fluid: invar.molten
Fluid: electrum.molten
Fluid: ender
Fluid: slime.blue
Fluid: glue
Fluid: pigiron.molten
Ore: oreCobalt
Ore: oreArdite
Ore: oreCopper
Ore: oreTin
Ore: oreAluminum
Ore: oreAluminium
Ore: oreIron
Ore: oreGold
Ore: oreCobalt
Ore: oreCopper
Ore: oreTin
Ore: oreAluminum
Ore: oreAluminium
Ore: ingotCobalt
Ore: ingotArdite
Ore: ingotManyullyn
Ore: ingotCopper
Ore: ingotTin
Ore: ingotAluminum
Ore: ingotAluminium
Ore: ingotBronze
Ore: ingotAluminumBrass
Ore: ingotAluminiumBrass
Ore: ingotAlumite
Ore: ingotSteel
Ore: ingotObsidian
Ore: ingotPigIron
Ore: itemRawRubber
Ore: blockCobalt
Ore: blockArdite
Ore: blockManyullyn
Ore: blockCopper
Ore: blockBronze
Ore: blockTin
Ore: blockAluminum
Ore: blockAluminium
Ore: blockAluminumBrass
Ore: blockAluminiumBrass
Ore: blockAlumite
Ore: blockSteel
Ore: blockEnder
Ore: nuggetIron
Ore: nuggetIron
Ore: nuggetCopper
Ore: nuggetCopper
Ore: nuggetTin
Ore: nuggetTin
Ore: nuggetAluminum
Ore: nuggetAluminum
Ore: nuggetAluminium
Ore: nuggetAluminium
Ore: nuggetAluminumBrass
Ore: nuggetAluminiumBrass
Ore: nuggetObsidian
Ore: nuggetCobalt
Ore: nuggetArdite
Ore: nuggetManyullyn
Ore: nuggetBronze
Ore: nuggetAlumite
Ore: nuggetSteel
Ore: nuggetGold
Ore: nuggetPigIron
Ore: dustArdite
Ore: dustCobalt
Ore: dustAluminium
Ore: dustAluminum
Ore: dustManyullyn
Ore: dustAluminiumBrass
Ore: dustAluminumBrass
Ore: slabCloth
Ore: slabCloth
Ore: stoneMossy
Ore: stoneMossy
Ore: crafterWood
Ore: craftingTableWood
Ore: torchStone
Ore: woodRod
Ore: stoneRod
Ore: ironRod
Ore: flintRod
Ore: cactusRod
Ore: boneRod
Ore: obsidianRod
Ore: netherrackRod
Ore: slimeRod
Ore: paperRod
Ore: cobaltRod
Ore: arditeRod
Ore: manyullynRod
Ore: copperRod
Ore: bronzeRod
Ore: alumiteRod
Ore: steelRod
Ore: blueslimeRod
Ore: thaumiumRod
Ore: glassWhite
Ore: glassOrange
Ore: glassMagenta
Ore: glassLightBlue
Ore: glassYellow
Ore: glassLime
Ore: glassPink
Ore: glassGray
Ore: glassLightGray
Ore: glassCyan
Ore: glassPurple
Ore: glassBlue
Ore: glassBrown
Ore: glassGreen
Ore: glassRed
Ore: glassBlack
Ore: slimeball
Ore: slimeball
Ore: slimeball
Ore: slimeball
Ore: glass
Ore: glass
Fluid: molten.angmallen
Fluid: molten.damascus.steel
Fluid: molten.hepatizon
Fluid: molten.manganese
Fluid: molten.brass
Fluid: molten.platinum
Fluid: molten.zinc
Fluid: molten.amordrine
Fluid: molten.alduorite
Fluid: molten.ceruclase
Fluid: molten.ignatius
Fluid: molten.inolashite
Fluid: molten.kalendrite
Fluid: molten.lemurite
Fluid: molten.midasium
Fluid: molten.sanguinite
Fluid: molten.shadow.iron
Fluid: molten.shadow.steel
Fluid: molten.vulcanite
Fluid: molten.vyroxeres
Fluid: molten.adamantine
Fluid: molten.astral.silver
Fluid: molten.atlarus
Fluid: molten.black.steel
Fluid: molten.carmot
Fluid: molten.celenegil
Fluid: molten.deep.iron
Fluid: molten.haderoth
Fluid: molten.infuscolium
Fluid: molten.mithril
Fluid: molten.orichalcum
Fluid: molten.oureclase
Fluid: molten.prometheum
Fluid: molten.quicksilver
Fluid: molten.rubracium
Fluid: molten.tartarite
Fluid: molten.desichalkos
Fluid: molten.eximite
Fluid: molten.meutoite
Fluid: molten.pokefennium
Fluid: molten.fairy
Ore: blockFairy
Ore: blockPokefennium
Ore: ingotFairy
Ore: ingotPokefennium
Ore: oreCopper
Ore: oreCopper
Ore: oreTin
Ore: oreTin
Ore: oreAluminum
Ore: oreAluminium
Ore: oreNaturalAluminum
Ore: oreSilicon
Ore: oreCheese
Ore: ingotCopper
Ore: ingotTin
Ore: ingotAluminum
Ore: compressedCopper
Ore: compressedTin
Ore: compressedAluminum
Ore: compressedSteel
Ore: compressedBronze
Ore: compressedIron
Ore: waferSolar
Ore: waferBasic
Ore: waferAdvanced
Ore: plateMeteoricIron
Ore: ingotMeteoricIron
Fluid: bacterialsludge
Ore: toolPot
Ore: toolSkillet
Ore: toolSaucepan
Ore: toolBakeware
Ore: toolCuttingboard
Ore: toolMortarandpestle
Ore: toolMixingbowl
Ore: toolJuicer
Ore: listAllveggie
Ore: listAllgreenveggie
Ore: cropAsparagus
Ore: seedAsparagus
Ore: listAllseed
Ore: foodGrilledasparagus
Ore: listAllgrain
Ore: cropBarley
Ore: seedBarley
Ore: listAllseed
Ore: cropBean
Ore: listAllveggie
Ore: seedBean
Ore: listAllseed
Ore: cropBeet
Ore: listAllveggie
Ore: seedBeet
Ore: listAllseed
Ore: cropBroccoli
Ore: listAllveggie
Ore: listAllgreenveggie
Ore: seedBroccoli
Ore: listAllseed
Ore: cropCauliflower
Ore: listAllveggie
Ore: seedCauliflower
Ore: listAllseed
Ore: cropCelery
Ore: listAllveggie
Ore: listAllgreenveggie
Ore: seedCelery
Ore: listAllseed
Ore: listAllberry
Ore: listAllfruit
Ore: cropCranberry
Ore: seedCranberry
Ore: listAllseed
Ore: cropGarlic
Ore: listAllherb
Ore: seedGarlic
Ore: listAllseed
Ore: cropGinger
Ore: listAllspice
Ore: seedGinger
Ore: listAllseed
Ore: cropLeek
Ore: listAllveggie
Ore: seedLeek
Ore: listAllseed
Ore: cropLettuce
Ore: listAllveggie
Ore: listAllgreenveggie
Ore: seedLettuce
Ore: listAllseed
Ore: cropOats
Ore: listAllgrain
Ore: seedOats
Ore: listAllseed
Ore: cropOnion
Ore: listAllveggie
Ore: seedOnion
Ore: listAllseed
Ore: cropParsnip
Ore: listAllveggie
Ore: listAllrootveggie
Ore: seedParsnip
Ore: listAllseed
Ore: listAllnut
Ore: cropPeanut
Ore: seedPeanut
Ore: listAllseed
Ore: cropPineapple
Ore: listAllfruit
Ore: seedPineapple
Ore: listAllseed
Ore: cropRadish
Ore: listAllveggie
Ore: listAllrootveggie
Ore: seedRadish
Ore: listAllseed
Ore: cropRice
Ore: seedRice
Ore: foodRicecake
Ore: cropRutabaga
Ore: listAllveggie
Ore: listAllrootveggie
Ore: seedRutabaga
Ore: cropRye
Ore: listAllgrain
Ore: seedRye
Ore: listAllseed
Ore: cropScallion
Ore: listAllveggie
Ore: seedScallion
Ore: listAllseed
Ore: cropSoybean
Ore: listAllveggie
Ore: seedSoybean
Ore: listAllseed
Ore: listAllgreenveggie
Ore: listAllspice
Ore: cropSpiceleaf
Ore: seedSpiceleaf
Ore: listAllseed
Ore: listAllseed
Ore: cropSunflower
Ore: seedSunflower
Ore: listAllseed
Ore: cropSweetpotato
Ore: listAllveggie
Ore: listAllrootveggie
Ore: seedSweetpotato
Ore: listAllseed
Ore: cropTea
Ore: seedTea
Ore: listAllseed
Ore: foodTea
Ore: cropTurnip
Ore: listAllveggie
Ore: listAllrootveggie
Ore: seedTurnip
Ore: listAllseed
Ore: listAllveggie
Ore: listAllmushroom
Ore: cropWhitemushroom
Ore: seedWhitemushroom
Ore: listAllseed
Ore: cropArtichoke
Ore: listAllveggie
Ore: listAllgreenveggie
Ore: seedArtichoke
Ore: cropBellpepper
Ore: listAllpepper
Ore: listAllveggie
Ore: seedBellpepper
Ore: listAllseed
Ore: listAllberry
Ore: listAllfruit
Ore: cropBlackberry
Ore: seedBlackberry
Ore: listAllseed
Ore: listAllberry
Ore: listAllfruit
Ore: cropBlueberry
Ore: seedBlueberry
Ore: listAllseed
Ore: cropBrusselsprout
Ore: listAllveggie
Ore: listAllgreenveggie
Ore: seedBrusselsprout
Ore: cropCabbage
Ore: listAllveggie
Ore: listAllgreenveggie
Ore: seedCabbage
Ore: listAllfruit
Ore: cropCactusfruit
Ore: seedCactusfruit
Ore: listAllseed
Ore: cropCantaloupe
Ore: listAllfruit
Ore: seedCantaloupe
Ore: listAllseed
Ore: cropChilipepper
Ore: listAllpepper
Ore: seedChilipepper
Ore: listAllseed
Ore: cropCoffee
Ore: seedCoffee
Ore: listAllseed
Ore: foodCoffee
Ore: cropCorn
Ore: listAllveggie
Ore: seedCorn
Ore: listAllseed
Ore: cropCucumber
Ore: listAllveggie
Ore: listAllgreenveggie
Ore: seedCucumber
Ore: listAllseed
Ore: cropEggplant
Ore: listAllveggie
Ore: seedEggplant
Ore: listAllseed
Ore: foodGrilledeggplant
Ore: listAllfruit
Ore: cropGrape
Ore: seedGrape
Ore: listAllseed
Ore: foodRaisins
Ore: listAllfruit
Ore: cropKiwi
Ore: seedKiwi
Ore: listAllseed
Ore: cropMustard
Ore: listAllspice
Ore: seedMustard
Ore: listAllseed
Ore: cropOkra
Ore: listAllveggie
Ore: listAllgreenveggie
Ore: seedOkra
Ore: cropPeas
Ore: listAllveggie
Ore: listAllgreenveggie
Ore: seedPeas
Ore: listAllseed
Ore: listAllberry
Ore: listAllfruit
Ore: cropRaspberry
Ore: seedRaspberry
Ore: listAllseed
Ore: cropRhubarb
Ore: listAllveggie
Ore: seedRhubarb
Ore: listAllseed
Ore: cropSeaweed
Ore: listAllveggie
Ore: listAllgreenveggie
Ore: seedSeaweed
Ore: listAllseed
Ore: listAllfruit
Ore: listAllberry
Ore: cropStrawberry
Ore: seedStrawberry
Ore: listAllseed
Ore: cropTomato
Ore: listAllveggie
Ore: seedTomato
Ore: listAllseed
Ore: cropWintersquash
Ore: listAllveggie
Ore: seedWintersquash
Ore: listAllseed
Ore: cropZucchini
Ore: listAllveggie
Ore: listAllgreenveggie
Ore: seedZucchini
Ore: listAllseed
Ore: cropBambooshoot
Ore: listAllveggie
Ore: seedBambooshoot
Ore: listAllseed
Ore: cropAvocado
Ore: cropBanana
Ore: listAllfruit
Ore: cropCherry
Ore: listAllfruit
Ore: cropCinnamon
Ore: cropCoconut
Ore: foodToastedcoconut
Ore: cropDragonfruit
Ore: listAllfruit
Ore: cropLemon
Ore: listAllfruit
Ore: cropLime
Ore: listAllfruit
Ore: cropMango
Ore: listAllfruit
Ore: cropNutmeg
Ore: cropOlive
Ore: cropOrange
Ore: listAllfruit
Ore: cropPapaya
Ore: listAllfruit
Ore: cropPeach
Ore: listAllfruit
Ore: cropPear
Ore: listAllfruit
Ore: cropPeppercorn
Ore: cropPlum
Ore: listAllfruit
Ore: cropPomegranate
Ore: listAllfruit
Ore: cropStarfruit
Ore: listAllfruit
Ore: cropVanillabean
Ore: foodVanilla
Ore: cropWalnut
Ore: listAllnut
Ore: foodSalt
Ore: foodFlour
Ore: foodDough
Ore: foodToast
Ore: foodPasta
Ore: foodHeavycream
Ore: foodButter
Ore: foodCheese
Ore: foodIcecream
Ore: foodGrilledchese
Ore: foodApplesauce
Ore: foodApplejuice
Ore: listAlljuice
Ore: foodApplepie
Ore: foodCaramelapple
Ore: foodPumpkinbread
Ore: foodRoastedpumpkinseeds
Ore: foodPumpkinsoup
Ore: foodMelonjuice
Ore: listAlljuice
Ore: foodMelonsmoothie
Ore: listAllsmoothie
Ore: foodCarrotjuice
Ore: foodCarrotcake
Ore: foodCarrotsoup
Ore: foodGlazedcarrots
Ore: foodButteredpotato
Ore: foodLoadedbakedpotato
Ore: foodMashedpotatoes
Ore: foodPotatosalad
Ore: foodPotatosoup
Ore: foodFries
Ore: foodGrilledmushroom
Ore: foodStuffedmushroom
Ore: foodChickensandwich
Ore: foodChickennoodlesoup
Ore: foodChickenpotpie
Ore: foodBreadedporkchop
Ore: foodHotdog
Ore: foodBakedham
Ore: foodHamburger
Ore: foodCheeseburger
Ore: foodBaconcheeseburger
Ore: foodPotroast
Ore: foodFishsandwich
Ore: foodFishsticks
Ore: foodFishandchips
Ore: foodMayo
Ore: foodFriedegg
Ore: foodScrambledegg
Ore: foodBoiledegg
Ore: foodEggsalad
Ore: foodCaramel
Ore: foodTaffy
Ore: foodSpidereyesoup
Ore: foodZombiejerky
Ore: foodCocoapowder
Ore: foodChocolatebar
Ore: foodHotchocolate
Ore: foodChocolateicecream
Ore: foodVegetablesoup
Ore: foodStock
Ore: foodFruitsalad
Ore: foodSpagetti
Ore: foodSpagettiandmeatballs
Ore: foodTomatosoup
Ore: foodKetchup
Ore: foodChickenparmasan
Ore: foodPizza
Ore: foodSpringsalad
Ore: foodPorklettucewrap
Ore: foodFishlettucewrap
Ore: foodBlt
Ore: foodLeafychickensandwich
Ore: foodLeafyfishsandwich
Ore: foodDeluxecheeseburger
Ore: foodDelightedmeal
Ore: foodOnionsoup
Ore: foodPotatocakes
Ore: foodHash
Ore: foodBraisedonions
Ore: foodHeartyBreakfast
Ore: foodCornonthecob
Ore: foodCornmeal
Ore: foodCornbread
Ore: foodTortilla
Ore: foodNachoes
Ore: foodTaco
Ore: foodFishtaco
Ore: foodCreamedcorn
Ore: foodStrawberrysmoothie
Ore: listAllsmoothie
Ore: foodStrawberrypie
Ore: foodStrawberrysalad
Ore: foodStrawberryjuice
Ore: listAlljuice
Ore: foodChocolatestrawberry
Ore: foodPeanutbutter
Ore: foodTrailmix
Ore: foodPbandj
Ore: foodPeanutbuttercookies
Ore: foodGrapejuice
Ore: listAlljuice
Ore: foodVinegar
Ore: foodGrapejelly
Ore: foodGrapesalad
Ore: foodRaisincookies
Ore: foodPickles
Ore: foodCucumbersalad
Ore: foodCucumbersoup
Ore: foodVegetarianlettucewrap
Ore: foodMarinatedcucumbers
Ore: foodRicesoup
Ore: foodFriedrice
Ore: foodMushroomrisotto
Ore: foodCurry
Ore: foodRainbowcurry
Ore: foodRefriedbeans
Ore: foodBakedbeans
Ore: foodBeansandrice
Ore: foodChili
Ore: foodBeanburrito
Ore: foodStuffedpepper
Ore: foodVeggiestirfry
Ore: foodGrilledskewers
Ore: foodSupremepizza
Ore: foodOmelet
Ore: foodHotwings
Ore: foodChilipoppers
Ore: foodExtremechili
Ore: foodChilichocolate
Ore: foodLemonaide
Ore: listAlljuice
Ore: foodLemonbar
Ore: foodFishdinner
Ore: foodLemonsmoothie
Ore: listAllsmoothie
Ore: foodLemonmeringue
Ore: foodCandiedlemon
Ore: foodLemonchicken
Ore: foodBlueberrysmoothie
Ore: listAllsmoothie
Ore: foodBlueberrypie
Ore: foodBlueberrymuffin
Ore: foodBlueberryjuice
Ore: listAlljuice
Ore: foodPancakes
Ore: foodBlueberrypancakes
Ore: foodCherryjuice
Ore: listAlljuice
Ore: foodCherrypie
Ore: foodChocolatecherry
Ore: foodCherrysmoothie
Ore: listAllsmoothie
Ore: foodCheesecake
Ore: foodCherrycheesecake
Ore: foodStuffedeggplant
Ore: foodEggplantparm
Ore: foodRaspberryicedtea
Ore: foodChaitea
Ore: foodEspresso
Ore: foodCoffeeconleche
Ore: foodMochaicecream
Ore: foodPickledbeets
Ore: foodBeetsalad
Ore: foodBeetsoup
Ore: foodBakedbeets
Ore: foodBroccolimac
Ore: foodBroccolindip
Ore: foodCreamedbroccolisoup
Ore: foodSweetpotatopie
Ore: foodCandiedsweetpotatoes
Ore: foodMashedsweetpotatoes
Ore: foodSteamedpeas
Ore: foodSplitpeasoup
Ore: foodPineappleupsidedowncake
Ore: foodPineappleham
Ore: foodPineappleyogurt
Ore: foodTurnipsoup
Ore: foodRoastedrootveggiemedley
Ore: foodBakedturnips
Ore: foodGingerbread
Ore: foodGingersnaps
Ore: foodCandiedginger
Ore: foodMustard
Ore: foodSoftpretzelandmustard
Ore: foodSpicymustardpork
Ore: foodSpicygreens
Ore: foodGarlicbread
Ore: foodGarlicmashedpotatoes
Ore: foodGarlicchicken
Ore: foodSummerradishsalad
Ore: foodSummersquashwithradish
Ore: foodCeleryandpeanutbutter
Ore: foodChickencelerycasserole
Ore: foodPeasandcelery
Ore: foodCelerysoup
Ore: foodZucchinibread
Ore: foodZucchinifries
Ore: foodZestyzucchini
Ore: foodZucchinibake
Ore: foodAsparagusquiche
Ore: foodAsparagussoup
Ore: foodWalnutraisinbread
Ore: foodCandiedwalnuts
Ore: foodBrownie
Ore: foodPapayajuice
Ore: listAlljuice
Ore: foodPapayasmoothie
Ore: listAllsmoothie
Ore: foodPapayayogurt
Ore: foodStarfruitjuice
Ore: listAlljuice
Ore: foodStarfruitsmoothie
Ore: listAllsmoothie
Ore: foodStarfruityogurt
Ore: foodGuacamole
Ore: foodCreamofavocadosoup
Ore: foodAvocadoburrito
Ore: foodPoachedpear
Ore: foodFruitcrumble
Ore: foodPearyogurt
Ore: foodPlumyogurt
Ore: foodBananasplit
Ore: foodBanananutbread
Ore: foodBananasmoothie
Ore: listAllsmoothie
Ore: foodBananayogurt
Ore: foodCoconutmilk
Ore: foodChickencurry
Ore: foodCoconutshrimp
Ore: foodCoconutyogurt
Ore: foodOrangejuice
Ore: listAlljuice
Ore: foodOrangechicken
Ore: foodOrangesmoothie
Ore: listAllsmoothie
Ore: foodOrangeyogurt
Ore: foodPeachjuice
Ore: listAlljuice
Ore: foodPeachcobbler
Ore: foodPeachsmoothie
Ore: listAllsmoothie
Ore: foodPeachyogurt
Ore: foodLimejuice
Ore: listAlljuice
Ore: foodKeylimepie
Ore: foodLimesmoothie
Ore: listAllsmoothie
Ore: foodLimeyogurt
Ore: foodMangojuice
Ore: listAlljuice
Ore: foodMangosmoothie
Ore: listAllsmoothie
Ore: foodMangoyogurt
Ore: foodPomegranatejuice
Ore: listAlljuice
Ore: foodPomegranatesmoothie
Ore: listAllsmoothie
Ore: foodPomegranateyogurt
Ore: foodVanillayogurt
Ore: foodCinnamonroll
Ore: foodFrenchtoast
Ore: foodMarshmellows
Ore: foodDonut
Ore: foodChocolatedonut
Ore: foodPowdereddonut
Ore: foodJellydonut
Ore: foodFrosteddonut
Ore: foodCactussoup
Ore: foodWaffles
Ore: foodSeedsoup
Ore: foodSoftpretzel
Ore: foodJellybeans
Ore: foodBiscuit
Ore: foodCreamcookie
Ore: foodJaffa
Ore: foodFriedchicken
Ore: foodChocolatesprinklecake
Ore: foodRedvelvetcake
Ore: foodFootlong
Ore: foodBlueberryyogurt
Ore: foodLemonyogurt
Ore: foodCherryyogurt
Ore: foodStrawberryyogurt
Ore: foodGrapeyogurt
Ore: foodChocolateyogurt
Ore: foodBlackberryjuice
Ore: listAlljuice
Ore: foodBlackberrycobbler
Ore: foodBlackberrysmoothie
Ore: listAllsmoothie
Ore: foodBlackberryyogurt
Ore: foodChocolatemilk
Ore: foodPumpkinyogurt
Ore: foodRaspberryjuice
Ore: listAlljuice
Ore: foodRaspberrypie
Ore: foodRaspberrysmoothie
Ore: listAllsmoothie
Ore: foodRaspberryyogurt
Ore: foodCinnamonsugardonut
Ore: foodMelonyogurt
Ore: foodKiwijuice
Ore: listAlljuice
Ore: foodKiwismoothie
Ore: listAllsmoothie
Ore: foodKiwiyogurt
Ore: foodPlainyogurt
Ore: foodAppleyogurt
Ore: foodSaltedsunflowerseeds
Ore: foodSunflowerwheatrolls
Ore: foodSunflowerbroccolisalad
Ore: foodCranberryjuice
Ore: listAlljuice
Ore: foodCranberrysauce
Ore: foodCranberrybar
Ore: foodPeppermint
Ore: foodCactusfruitjuice
Ore: listAlljuice
Ore: foodBlackpepper
Ore: foodGroundcinnamon
Ore: foodGroundnutmeg
Ore: foodOliveoil
Ore: foodBaklava
Ore: foodGummybears
Ore: foodBaconmushroomburger
Ore: foodFruitpunch
Ore: foodMeatystew
Ore: foodMixedsalad
Ore: foodPinacolada
Ore: foodSaladdressing
Ore: foodShepardspie
Ore: foodEggnog
Ore: foodCustard
Ore: foodSushi
Ore: foodGardensoup
Ore: foodMuttonraw
Ore: foodMuttoncooked
Ore: foodCalamariraw
Ore: foodCalamaricooked
Ore: foodApplejelly
Ore: foodApplejellysandwich
Ore: foodBlackberryjelly
Ore: foodBlackberryjellysandwich
Ore: foodBlueberryjelly
Ore: foodBlueberryjellysandwich
Ore: foodCherryjelly
Ore: foodCherryjellysandwich
Ore: foodCranberryjelly
Ore: foodCranberryjellysandwich
Ore: foodKiwijelly
Ore: foodKiwijellysandwich
Ore: foodLemonjelly
Ore: foodLemonjellysandwich
Ore: foodLimejelly
Ore: foodLimejellysandwich
Ore: foodMangojelly
Ore: foodMangojellysandwich
Ore: foodOrangejelly
Ore: foodOrangejellysandwich
Ore: foodPapayajelly
Ore: foodPapayajellysandwich
Ore: foodPeachjelly
Ore: foodPeachjellysandwich
Ore: foodPomegranatejelly
Ore: foodPomegranatejellysandwich
Ore: foodRaspberryjelly
Ore: foodRaspberryjellysandwich
Ore: foodStarfruitjelly
Ore: foodStarfruitjellysandwich
Ore: foodStrawberryjelly
Ore: foodStrawberryjellysandwich
Ore: foodWatermelonjelly
Ore: foodWatermelonjellysandwich
Ore: foodBubblywater
Ore: foodCherrysoda
Ore: foodColasoda
Ore: foodGingersoda
Ore: foodGrapesoda
Ore: foodLemonlimesoda
Ore: foodOrangesoda
Ore: foodRootbeersoda
Ore: foodStrawberrysoda
Ore: foodCaramelicecream
Ore: foodMintchocolatechipicecream
Ore: foodStrawberryicecream
Ore: foodVanillaicecream
Ore: cropEdibleroot
Ore: foodGingerchicken
Ore: foodOldworldveggiesoup
Ore: foodSpicebun
Ore: foodGingeredrhubarbtart
Ore: foodLambbarleysoup
Ore: foodHoneylemonlamb
Ore: foodPumpkinoatscones
Ore: foodBeefjerky
Ore: foodPlumjuice
Ore: foodPearjuice
Ore: foodOvenroastedcauliflower
Ore: foodLeekbaconsoup
Ore: foodHerbbutterparsnips
Ore: foodScallionbakedpotato
Ore: foodSoymilk
Ore: foodFirmtofu
Ore: foodSilkentofu
Ore: cropCotton
Ore: seedCotton
Ore: materialCloth
Ore: cropCandle
Ore: seedCandleberry
Ore: materialPressedwax
Ore: materialHardenedleather
Ore: oreSalt
Ore: beeQueen
Ore: materialWaxcomb
Ore: materialHoneycomb
Ore: foodHoneydrop
Ore: dropHoney
Ore: materialPressedwax
Ore: listAllveggie
Ore: listAllveggie
Ore: listAllveggie
Ore: listAllseed
Ore: listAllseed
Ore: listAllseed
Ore: listAllgrain
Ore: listAllmushroom
Ore: listAllmushroom
Ore: cropApple
Ore: listAllfruit
Ore: listAllmeatraw
Ore: listAllmeatraw
Ore: listAllmeatraw
Ore: listAllmeatraw
Ore: listAllmeatraw
Ore: listAllmeatcooked
Ore: listAllmeatcooked
Ore: listAllmeatcooked
Ore: listAllmeatcooked
Ore: listAllmeatcooked
Ore: listAllfishraw
Ore: listAllfishraw
Ore: listAllfishraw
Ore: listAllfishcooked
Ore: listAllfishcooked
Ore: listAllfishcooked
Ore: listAllegg
Ore: listAllegg
Ore: listAllchickenraw
Ore: listAllchickenraw
Ore: listAllchickencooked
Ore: listAllchickencooked
Ore: listAllporkraw
Ore: listAllporkraw
Ore: listAllporkcooked
Ore: listAllporkcooked
Ore: listAllbeefraw
Ore: listAllbeefraw
Ore: listAllbeefcooked
Ore: listAllbeefcooked
Ore: listAllmuttonraw
Ore: listAllmuttonraw
Ore: listAllmuttoncooked
Ore: listAllmuttoncooked
Ore: listAllReplaceheavycream
Ore: listAllReplaceheavycream
Ore: listAllReplaceicecream
Ore: listAllReplaceicecream
Ore: listAllwater
Ore: listAllwater
Ore: listAllmilk
Ore: listAllmilk
Ore: listAllmilk
Fluid: creosote
Ore: nuggetIron
Ore: nuggetSteel
Ore: ingotSteel
Ore: fuelCoke
Ore: dustObsidian
Ore: dustSulfur
Ore: dustSaltpeter
Ore: dustCharcoal
Ore: blockSteel
Ore: oreSulfur
Ore: oreSaltpeter
Ore: oreDiamond
Ore: oreEmerald
Ore: oreLapis
Ore: oreFirestone
Fluid: fortron
Fluid: xpjuice
Ore: flowerWhite
Ore: flowerOrange
Ore: flowerMagenta
Ore: flowerLightblue
Ore: flowerYellow
Ore: flowerLime
Ore: flowerPink
Ore: flowerDarkgrey
Ore: flowerLightgrey
Ore: flowerCyan
Ore: flowerPurple
Ore: flowerBlue
Ore: flowerBrown
Ore: flowerGreen
Ore: flowerRed
Ore: flowerBlack
Ore: flowerWhite
Ore: flowerOrange
Ore: flowerMagenta
Ore: flowerLightblue
Ore: flowerYellow
Ore: flowerLime
Ore: flowerPink
Ore: flowerDarkgrey
Ore: flowerLightgrey
Ore: flowerCyan
Ore: flowerPurple
Ore: flowerBlue
Ore: flowerBrown
Ore: flowerGreen
Ore: flowerRed
Ore: flowerBlack
Ore: listAllseed
Ore: listAllseed
Ore: listAllseed
Ore: listAllseed
Ore: listAllseed
Ore: listAllseed
Ore: listAllseed
Ore: listAllseed
Ore: listAllseed
Ore: listAllseed
Ore: listAllseed
Ore: listAllseed
Ore: listAllseed
Ore: listAllseed
Ore: listAllseed
Ore: listAllseed
Fluid: heavy water
Fluid: hydrofluoric acid
Fluid: uranium hexafluoride
Fluid: rc ammonia
Fluid: rc sodium
Fluid: rc chlorine
Fluid: rc oxygen
Fluid: rc deuterium
Fluid: rc tritium
Fluid: fusion plasma
Fluid: lowpammonia
Fluid: lowpwater
Fluid: hotsodium
Fluid: rc co2
Fluid: rc hot co2
Ore: orePitchblende
Ore: ingotUranium
Ore: oreCadmium
Ore: ingotCadmium
Ore: oreIndium
Ore: ingotIndium
Ore: oreSilver
Ore: ingotSilver
Ore: orePitchblende
Ore: ingotUranium
Ore: oreAmmonium
Ore: dustAmmonium
Ore: oreCalcite
Ore: gemCalcite
Ore: oreMagnetite
Ore: gemMagnetite
Ore: dustQuicklime
Ore: oreFluorite
Ore: gemFluorite
Ore: oreFluorite
Ore: gemFluorite
Ore: oreFluorite
Ore: gemFluorite
Ore: oreFluorite
Ore: gemFluorite
Ore: oreFluorite
Ore: gemFluorite
Ore: oreFluorite
Ore: gemFluorite
Ore: oreFluorite
Ore: gemFluorite
Ore: oreFluorite
Ore: gemFluorite
Fluid: uraniumhexafluoride
Fluid: tritium
Fluid: deuterium
Fluid: toxicwaste
Fluid: plasma
Ore: oreUranium
Ore: ingotUranium
Ore: dustUranium
Ore: breederUranium
Ore: blockRadioactive
Ore: cellEmpty
Ore: cellUranium
Ore: cellTritium
Ore: cellDeuterium
Ore: cellWater
Ore: strangeMatter
Ore: antimatterMilligram
Ore: antimatterGram
Ore: listAllmilk
Ore: stoneRod
Ore: stoneRod
Ore: ovenRack
Ore: clayBowl
Ore: clayPlate
Ore: clayCup
Ore: ceramicBowl
Ore: ceramicPlate
Ore: ceramicCup
Ore: foodStrawberry
Ore: foodCandiedApple
Ore: foodCupofWater
Ore: foodCupofMilk
Ore: foodHotCocoa
Ore: foodVinegar
Ore: foodBeer
Ore: foodRawHamburgerPatty
Ore: foodAppleJellyToast
Ore: foodCinnamonToast
Ore: foodStrawberryJellyToast
Ore: foodCaramelApplewithNuts
Ore: foodAppleJelly
Ore: foodMashedPotatos
Ore: foodCarrotCakeBatter
Ore: foodRawFrenchToast
Ore: foodBatter
Ore: foodMacaroniandCheese
Ore: foodStrawberryJelly
Ore: foodRawApplePie
Ore: foodRawStrawberryPie
Ore: foodStrawberryShortcake
Ore: foodHamburger
Ore: foodPB&JSandwichApple
Ore: foodPB&JSandwichStrawberry
Ore: foodCheeseSandwich
Ore: foodButteredToast
Ore: foodBaconCheeseFries
Ore: foodBaconCheeseburger
Ore: foodChocolate
Ore: foodCheese
Ore: foodButter
Ore: foodWhippedCream
Ore: foodDough
Ore: foodAppleGelatin
Ore: foodStrawberryGelatin
Ore: foodMarshmellows
Ore: foodPastaDough
Ore: foodCheeseFries
Ore: foodRawChickenNuggets
Ore: foodCheeseburger
Ore: foodDeluxeHotCocoa
Ore: foodSaltedBeef
Ore: foodBreadedChicken
Ore: foodSaltedPork
Ore: foodCaramelApple
Ore: foodChocolate-CoveredStrawberries
Ore: foodCinnamonandSugar
Ore: foodSliceofCheese
Ore: foodSliceofBread
Ore: foodFriedChicken
Ore: foodFrenchFries
Ore: foodChickenNuggets
Ore: foodShortcake
Ore: foodCarrotCake
Ore: foodGrilledCheese
Ore: foodLoafofBread
Ore: foodPasta
Ore: foodToastedPB&JSandwichApple
Ore: foodToastedPB&JSandwichStrawberry
Ore: foodRoastedPeanuts
Ore: foodApplePie
Ore: foodFrenchToast
Ore: foodHamburgerPatty
Ore: foodStrawberryPie
Ore: foodBeefJerkey
Ore: foodBacon
Ore: foodToast
Ore: foodCaramel
Ore: foodAppleMush
Ore: foodGelatin
Ore: foodBreadCrumbs
Ore: foodGroundBeef
Ore: foodGroundChicken
Ore: foodGroundPork
Ore: foodCrushedPeanuts
Ore: foodStrawberryMush
Ore: foodFlour
Ore: foodPeanutButter
Ore: foodCookingOil
Ore: foodSalt
Ore: foodCinnamon
Ore: cropCinnamon
Ore: foodGroundCinnamon
Ore: foodPeanuts
Ore: foodAppleCinnamonCookieDough
Ore: foodBowlofRawPasta
Ore: foodButterCookieDough
Ore: foodCheesyBaconPotatoes
Ore: foodCheesyPotatoes
Ore: foodChocolateChipCookieDough
Ore: foodChocolateIceCreamChocolateSauce
Ore: foodChocolateIceCreamMix
Ore: foodDicedPotatoes
Ore: foodDoubleBaconCheeseburger
Ore: foodIceCreamMix
Ore: foodPBSandwich
Ore: foodPeanutButterCookeDough
Ore: foodPumpkinCookieDough
Ore: foodSnickerdoodleDough
Ore: foodStrawberryIceCreamChocolateSauce
Ore: foodStrawberryIceCreamMix
Ore: foodStrawberryJellyCookieDough
Ore: foodSugarCookieDough
Ore: foodVanillaIceCreamChocolateSauce
Ore: foodVanillaIceCreamMix
Ore: foodChocolateIceCream
Ore: foodStrawberryIceCream
Ore: foodVanillaIceCream
Ore: foodAppleCinnamonCookie
Ore: foodButterCookie
Ore: foodChocolateChipCookie
Ore: foodChocolateSauce
Ore: foodPeanutButterCookie
Ore: foodPumpkinCookie
Ore: foodRoastedMarshmellows
Ore: foodSnickerdoodle
Ore: foodStrawberryJellyCookie
Ore: foodSugarCookie
Ore: foodToastedPBSandwich
Ore: foodVanilla
Ore: foodAppleCinnamonCookeBurned
Ore: foodApplePieBurned
Ore: foodBaconBurned
Ore: foodBeefJerkeyBurned
Ore: foodButterCookieBurned
Ore: foodCaramelBurned
Ore: foodCarrotCakeBurned
Ore: foodChocolateChipCookieBurned
Ore: foodChocolateSauceBurned
Ore: foodFrenchToastBurned
Ore: foodGrilledCheeseBurned
Ore: foodHambuergerPattyBurned
Ore: foodLoafofBreadBurned
Ore: foodPastaBurned
Ore: foodPeanutButterCookieBurned
Ore: foodPumpkinCookieBurned
Ore: foodRoastedMarshmellowsBurned
Ore: foodShortcakeBurned
Ore: foodSnickerdoodleBurned
Ore: foodStrawberryJellyCookieBurned
Ore: foodRoastedPeanutsBurned
Ore: foodStrawberryPieBurned
Ore: foodSugarCookieBurned
Ore: foodToastBurned
Ore: foodToastedPBSandwichBurned
Ore: foodToastedPB&JSandwichAppleBurned
Ore: foodToastedPB&JSabdwichStrawberryBurned
Fluid: beer
Fluid: hotcocoa
Fluid: vinegar
Fluid: cookingoil
Fluid: vodka
Fluid: cider
Ore: oven
Ore: counter
Ore: processor
Ore: brewer
Ore: cropCinnamon
Ore: cropVanilla
Ore: oreSalt
Ore: icebox
Ore: frier
Ore: cropStrawberry
Ore: cropPeanut
Ore: oreBlueTopaz
Ore: oreVinteum
Ore: oreChimerite
Ore: oreMoonstone
Ore: oreSunstone
Ore: blockBlueTopaz
Ore: blockVinteum
Ore: blockChimerite
Ore: blockMoonstone
Ore: blockSunstone
Ore: logWood
Ore: stairWood
Ore: plankWood
Ore: slabWood
Ore: oreCertusQuartz
Ore: crystalCertusQuartz
Ore: dustCertusQuartz
Ore: dustNetherQuartz
Ore: dustEnderPearl
Ore: dustGold
Ore: dustIron
Ore: dustWheat
Ore: cropVine
Ore: itemRubber
Ore: itemRawRubber
Ore: woodRubber
Ore: leavesRubber
Ore: sheetPlastic
Ore: dustPlastic
Ore: ingotMeat
Ore: ingotMeatRaw
Ore: nuggetMeat
Ore: nuggetMeatRaw
Ore: blockMeat
Ore: blockMeatRaw
Ore: itemCharcoalSugar
Ore: cableRedNet
Ore: cableRedNet
Ore: cableRedNetEnergy
Ore: cableRedNetEnergy
Ore: slimeball
Ore: dyeBrown
Ore: fertilizerOrganic
Ore: wireExplosive
Ore: listAllmilk
Ore: slimeball
Ore: glass
Ore: nuggetGold
Ore: ingotGold
Fluid: glass
Fluid: biomass
Fluid: bioethanol
Fluid: seedoil
Fluid: honey
Fluid: juice
Fluid: ice
Ore: oreNetherCoal
Ore: oreNetherDiamond
Ore: oreNetherGold
Ore: oreNetherIron
Ore: oreNetherLapis
Ore: oreNetherRedstone
Ore: oreNetherCopper
Ore: oreNetherTin
Ore: oreNetherEmerald
Ore: oreNetherSilver
Ore: oreNetherLead
Ore: oreNetherUranium
Ore: oreNetherNikolite
Ore: oreNetherRuby
Ore: oreNetherPeridot
Ore: oreNetherSapphire
Ore: oreNetherPlatinum
Ore: oreNetherNickel
Ore: oreNetherSteel
Ore: oreNetherIridium
Ore: oreNetherOsmium
Ore: oreNetherSulfur
Ore: oreNetherTitanium
Ore: oreNetherMythril
Ore: oreNetherAdamantium
Ore: oreNetherRutile
Ore: oreNetherTungsten
Ore: oreNetherAmber
Ore: oreNetherTennantite
Ore: oreNetherSalt
Ore: oreNetherSaltpeter
Ore: ingotCopper
Ore: ingotCopper
Ore: ingotTin
Ore: ingotTin
Ore: oreCopper
Ore: oreCopper
Ore: oreTin
Ore: oreTin
Ore: ingotSteel
Ore: ingotSteel
Ore: dustSteel
Ore: plateSteel
Ore: ingotBronze
Ore: ingotBronze
Ore: dustBronze
Ore: plateBronze
Ore: plateCopper
Ore: plateTin
Ore: plateIron
Ore: plateGold
Ore: circuitBasic
Ore: circuitAdvanced
Ore: circuitElite
Ore: motor
Ore: wrench
Ore: dustIron
Ore: dustGold
Ore: dustCoal
Ore: dustObsidian
Ore: dustCopper
Ore: dustTin
Ore: dustSilver
Ore: dustLead
Ore: dustNickel
Ore: dustPlatinum
Ore: dustElectrum
Ore: dustInvar
Ore: dustBronze
Ore: dustEnderium
Ore: ingotCopper
Ore: ingotTin
Ore: ingotSilver
Ore: ingotLead
Ore: ingotNickel
Ore: ingotPlatinum
Ore: ingotElectrum
Ore: ingotInvar
Ore: ingotBronze
Ore: ingotEnderium
Ore: nuggetCopper
Ore: nuggetTin
Ore: nuggetSilver
Ore: nuggetLead
Ore: nuggetNickel
Ore: nuggetPlatinum
Ore: nuggetElectrum
Ore: nuggetInvar
Ore: nuggetBronze
Ore: nuggetEnderium
Ore: dustSulfur
Ore: dustSaltpeter
Ore: crystalCinnabar
Ore: gearCopper
Ore: gearTin
Ore: gearElectrum
Ore: gearInvar
Ore: gearBronze
Ore: oreCopper
Ore: oreTin
Ore: oreSilver
Ore: oreLead
Ore: oreNickel
Ore: blockCopper
Ore: blockTin
Ore: blockSilver
Ore: blockLead
Ore: blockNickel
Ore: blockPlatinum
Ore: blockElectrum
Ore: blockInvar
Ore: blockBronze
Ore: blockEnderium
Ore: glassHardened
Fluid: redstone
Fluid: glowstone
Fluid: pyrotheum
Fluid: cryotheum
Fluid: coal
Ore: blockSnow
Ore: blockIce
Fluid: life essence
Ore: oreCoal
Ore: componentWiring
Ore: componentSolenoid
Ore: componentServo
Ore: componentGliderWing
Ore: componentIonThruster
Ore: componentLVCapacitor
Ore: componentMVCapacitor
Ore: componentHVCapacitor
Ore: componentParachute
Ore: componentPlatingBasic
Ore: componentPlatingAdvanced
Ore: componentFieldEmitter
Ore: componentLaserEmitter
Ore: componentCarbonMyofiber
Ore: componentControlCircuit
Ore: componentMyofiberGel
Ore: componentArtificialMuscle
Ore: dyeBlack
Ore: treeSapling
Ore: plantBlack
Ore: flowerBlack
Ore: dyeRed
Ore: treeSapling
Ore: plantRed
Ore: flowerRed
Ore: dyeGreen
Ore: treeSapling
Ore: plantGreen
Ore: flowerGreen
Ore: dyeBrown
Ore: treeSapling
Ore: plantBrown
Ore: flowerBrown
Ore: dyeBlue
Ore: treeSapling
Ore: plantBlue
Ore: flowerBlue
Ore: dyePurple
Ore: treeSapling
Ore: plantPurple
Ore: flowerPurple
Ore: dyeCyan
Ore: treeSapling
Ore: plantCyan
Ore: flowerCyan
Ore: dyeLightGray
Ore: treeSapling
Ore: plantLightGray
Ore: flowerLightGray
Ore: dyeGray
Ore: treeSapling
Ore: plantGray
Ore: flowerGray
Ore: dyePink
Ore: treeSapling
Ore: plantPink
Ore: flowerPink
Ore: dyeLime
Ore: treeSapling
Ore: plantLime
Ore: flowerLime
Ore: dyeYellow
Ore: treeSapling
Ore: plantYellow
Ore: flowerYellow
Ore: dyeLightBlue
Ore: treeSapling
Ore: plantLightBlue
Ore: flowerLightBlue
Ore: dyeMagenta
Ore: treeSapling
Ore: plantMagenta
Ore: flowerMagenta
Ore: dyeOrange
Ore: treeSapling
Ore: plantOrange
Ore: flowerOrange
Ore: dyeWhite
Ore: treeSapling
Ore: plantWhite
Ore: flowerWhite
Ore: ingotHSLA
Ore: dustNetherrack
Ore: dustSoulSand
Ore: ingotSteel
Ore: dustWood
Ore: ingotSilver
Ore: ingotAluminum
Ore: dustGold
Ore: dustIron
Ore: RotaryCraft:dustBedrock
Ore: RotaryCraft:ingotBedrock
Ore: glassHardened
Ore: ingotTin
Ore: ingotCopper
Ore: ingotLead
Ore: ingotNickel
Ore: ingotSilver
Ore: dustGalena
Ore: ingotAluminum
Ore: ingotIridium
Ore: shardFirestone
Ore: crystalCertusQuartz
Ore: ingotUranium
Ore: itemQuicksilver
Ore: gemAmber
Ore: shardAir
Ore: shardFire
Ore: shardWater
Ore: shardEarth
Ore: shardEntropy
Ore: shardOrder
Ore: gemApatite
Ore: dustSaltpeter
Ore: ingotTungsten
Ore: dustNikolite
Ore: gemPeridot
Ore: gemRuby
Ore: gemSapphire
Ore: ForciciumItem
Ore: gemForce
Ore: itemCoal
Ore: ingotIron
Ore: ingotGold
Ore: dustRedstone
Ore: dyeBlue
Ore: gemDiamond
Ore: gemEmerald
Ore: ingotTin
Ore: ingotCopper
Ore: ingotLead
Ore: ingotNickel
Ore: ingotSilver
Ore: dustNikolite
Ore: ingotCobalt
Ore: ingotArdite
Ore: ingotPlatinum
Ore: ingotPlatinum
Ore: ingotZinc
Ore: ingotOsmium
Ore: ingotSteel
Ore: dustSulfur
Ore: ingotUranium
Ore: ingotCadmium
Ore: ingotIndium
Ore: gemFluorite
Ore: dustBauxite
Ore: dyeBlue
Ore: dustPyrite
Ore: dustAmmonium
Ore: gemCalcite
Ore: gemChimerite
Ore: dustVinteum
Ore: gemBlueTopaz
Ore: gemMoonstone
Ore: gemSunstone
Ore: ingotTitanium
Ore: dropMagma
Ore: gemMagnetite
Ore: itemEssence
Ore: gemMimichite
Ore: ingotUranium
Ore: dustQuantum
Ore: ingotIridium
Ore: ingotFzDarkIron
Ore: ingotChrome
Ore: gemSapphire
Ore: gemPeridot
Ore: ingotTitanium
Ore: dustSulfur
Ore: ingotOsmium
Ore: itemSilicon
Ore: ingotRutile
Ore: dustCoal
Ore: dustSalt
Ore: foodSalt
Ore: dustingotTin
Ore: dustingotCopper
Ore: dustingotLead
Ore: dustingotNickel
Ore: dustingotSilver
Ore: dustdustGalena
Ore: dustingotAluminum
Ore: dustingotIridium
Ore: dustshardFirestone
Ore: dustcrystalCertusQuartz
Ore: dustingotUranium
Ore: dustitemQuicksilver
Ore: dustgemAmber
Ore: dustshardAir
Ore: dustshardFire
Ore: dustshardWater
Ore: dustshardEarth
Ore: dustshardEntropy
Ore: dustshardOrder
Ore: dustgemApatite
Ore: dustdustSaltpeter
Ore: dustingotTungsten
Ore: dustdustNikolite
Ore: dustgemPeridot
Ore: dustgemRuby
Ore: dustgemSapphire
Ore: dustForciciumItem
Ore: dustgemForce
Ore: dustitemCoal
Ore: dustingotIron
Ore: dustingotGold
Ore: dustdustRedstone
Ore: dustdyeBlue
Ore: dustgemDiamond
Ore: dustgemEmerald
Ore: dustingotTin
Ore: dustingotCopper
Ore: dustingotLead
Ore: dustingotNickel
Ore: dustingotSilver
Ore: dustdustNikolite
Ore: dustingotCobalt
Ore: dustingotArdite
Ore: dustingotPlatinum
Ore: dustingotPlatinum
Ore: dustingotZinc
Ore: dustingotOsmium
Ore: dustingotSteel
Ore: dustdustSulfur
Ore: dustingotUranium
Ore: dustingotCadmium
Ore: dustingotIndium
Ore: dustgemFluorite
Ore: dustdustBauxite
Ore: dustdyeBlue
Ore: dustdustPyrite
Ore: dustdustAmmonium
Ore: dustgemCalcite
Ore: dustgemChimerite
Ore: dustdustVinteum
Ore: dustgemBlueTopaz
Ore: dustgemMoonstone
Ore: dustgemSunstone
Ore: dustingotTitanium
Ore: dustdropMagma
Ore: dustgemMagnetite
Ore: dustitemEssence
Ore: dustgemMimichite
Ore: dustingotUranium
Ore: dustdustQuantum
Ore: dustingotIridium
Ore: dustingotFzDarkIron
Ore: dustingotChrome
Ore: dustgemSapphire
Ore: dustgemPeridot
Ore: dustingotTitanium
Ore: dustdustSulfur
Ore: dustingotOsmium
Ore: dustitemSilicon
Ore: dustingotRutile
Ore: oreCopper
Ore: ingotCopper
Ore: oreTin
Ore: ingotTin
Ore: oreSilver
Ore: ingotSilver
Ore: oreNickel
Ore: ingotNickel
Ore: oreAluminum
Ore: ingotAluminum
Ore: orePlatinum
Ore: ingotPlatinum
Ore: dustLapis
Ore: dustDiamond
Ore: dustNetherQuartz
Ore: dustGlowstone
Ore: blockAluminum
Ore: blockBronze
Ore: blockCopper
Ore: blockLead
Ore: blockNickel
Ore: blockPlatinum
Ore: blockSilver
Ore: blockSteel
Ore: blockTin
Ore: oreAluminum
Ore: oreTin
Ore: oreEmery
Ore: oreLead
Ore: oreCopper
Ore: oreNickel
Ore: oreRuby
Ore: oreSapphire
Fluid: nutrientwater
Ore: ingotAluminum
Ore: ingotBronze
Ore: ingotCopper
Ore: ingotLead
Ore: ingotNickel
Ore: ingotPlatinum
Ore: ingotSilver
Ore: ingotSteel
Ore: ingotTin
Ore: gemEmery
Ore: gemRuby
Ore: gemSapphire
Ore: limestone
Ore: plankWood
Ore: plankWood
Ore: plankWood
Ore: plankWood
Ore: plankWood
Ore: plankWood
Ore: plankWood
Ore: plankWood
Ore: plankWood
Ore: plankWood
Ore: plankWood
Ore: plankWood
Ore: plankWood
Ore: plankWood
Ore: plankWood
Ore: plankWood
Fluid: slickwater
Ore: dustQuicklime
Ore: groundAluminum
Ore: groundTin
Ore: groundLead
Ore: groundGold
Ore: groundIron
Ore: groundCopper
Ore: groundNickel
Ore: groundSilver
Ore: dustImpureAluminum
Ore: dustImpureCopper
Ore: dustImpureLead
Ore: dustImpureNickel
Ore: dustImpureGold
Ore: dustImpureIron
Ore: dustImpureSilver
Ore: dustImpureTin
Ore: dustAluminum
Ore: dustCopper
Ore: dustGold
Ore: dustIron
Ore: dustLead
Ore: dustNickel
Ore: dustPlatinum
Ore: dustSilver
Ore: dustTin
Ore: groundCobalt
Ore: groundArdite
Ore: dustImpureCobalt
Ore: dustImpureArdite
Ore: dustPureCobalt
Ore: dustPureArdite
Ore: blockHepatizon
Ore: ingotHepatizon
Ore: dustHepatizon
Ore: blockBronze
Ore: ingotBronze
Ore: dustBronze
Ore: blockAngmallen
Ore: ingotAngmallen
Ore: dustAngmallen
Ore: oreCopper
Ore: blockCopper
Ore: ingotCopper
Ore: dustCopper
Ore: oreTin
Ore: blockTin
Ore: ingotTin
Ore: dustTin
Ore: blockSteel
Ore: ingotSteel
Ore: dustSteel
Ore: blockDamascus Steel
Ore: ingotDamascus Steel
Ore: dustDamascus Steel
Ore: oreManganese
Ore: blockManganese
Ore: ingotManganese
Ore: dustManganese
Ore: blockElectrum
Ore: ingotElectrum
Ore: dustElectrum
Ore: oreZinc
Ore: blockZinc
Ore: ingotZinc
Ore: dustZinc
Ore: orePlatinum
Ore: blockPlatinum
Ore: ingotPlatinum
Ore: dustPlatinum
Ore: oreSilver
Ore: blockSilver
Ore: ingotSilver
Ore: dustSilver
Ore: blockBrass
Ore: ingotBrass
Ore: dustBrass
Ore: oreLemurite
Ore: blockLemurite
Ore: ingotLemurite
Ore: dustLemurite
Ore: oreMidasium
Ore: blockMidasium
Ore: ingotMidasium
Ore: dustMidasium
Ore: blockShadow Steel
Ore: ingotShadow Steel
Ore: dustShadow Steel
Ore: oreIgnatius
Ore: blockIgnatius
Ore: ingotIgnatius
Ore: dustIgnatius
Ore: oreVyroxeres
Ore: blockVyroxeres
Ore: ingotVyroxeres
Ore: dustVyroxeres
Ore: oreKalendrite
Ore: blockKalendrite
Ore: ingotKalendrite
Ore: dustKalendrite
Ore: oreCeruclase
Ore: blockCeruclase
Ore: ingotCeruclase
Ore: dustCeruclase
Ore: blockInolashite
Ore: ingotInolashite
Ore: dustInolashite
Ore: oreShadow Iron
Ore: blockShadow Iron
Ore: ingotShadow Iron
Ore: dustShadow Iron
Ore: oreSanguinite
Ore: blockSanguinite
Ore: ingotSanguinite
Ore: dustSanguinite
Ore: blockAmordrine
Ore: ingotAmordrine
Ore: dustAmordrine
Ore: oreVulcanite
Ore: blockVulcanite
Ore: ingotVulcanite
Ore: dustVulcanite
Ore: oreAlduorite
Ore: blockAlduorite
Ore: ingotAlduorite
Ore: dustAlduorite
Ore: oreInfuscolium
Ore: blockInfuscolium
Ore: ingotInfuscolium
Ore: dustInfuscolium
Ore: oreRubracium
Ore: blockRubracium
Ore: ingotRubracium
Ore: dustRubracium
Ore: oreAdamantine
Ore: blockAdamantine
Ore: ingotAdamantine
Ore: dustAdamantine
Ore: blockCelenegil
Ore: ingotCelenegil
Ore: dustCelenegil
Ore: blockQuicksilver
Ore: ingotQuicksilver
Ore: dustQuicksilver
Ore: oreAtlarus
Ore: blockAtlarus
Ore: ingotAtlarus
Ore: dustAtlarus
Ore: oreDeep Iron
Ore: blockDeep Iron
Ore: ingotDeep Iron
Ore: dustDeep Iron
Ore: orePrometheum
Ore: blockPrometheum
Ore: ingotPrometheum
Ore: dustPrometheum
Ore: blockBlack Steel
Ore: ingotBlack Steel
Ore: dustBlack Steel
Ore: oreOrichalcum
Ore: blockOrichalcum
Ore: ingotOrichalcum
Ore: dustOrichalcum
Ore: oreAstral Silver
Ore: blockAstral Silver
Ore: ingotAstral Silver
Ore: dustAstral Silver
Ore: blockHaderoth
Ore: ingotHaderoth
Ore: dustHaderoth
Ore: oreMithril
Ore: blockMithril
Ore: ingotMithril
Ore: dustMithril
Ore: blockTartarite
Ore: ingotTartarite
Ore: dustTartarite
Ore: oreOureclase
Ore: blockOureclase
Ore: ingotOureclase
Ore: dustOureclase
Ore: oreCarmot
Ore: blockCarmot
Ore: ingotCarmot
Ore: dustCarmot
Ore: oreEximite
Ore: blockEximite
Ore: ingotEximite
Ore: dustEximite
Ore: oreMeutoite
Ore: blockMeutoite
Ore: ingotMeutoite
Ore: dustMeutoite
Ore: blockDesichalkos
Ore: ingotDesichalkos
Ore: dustDesichalkos
Ore: oreSulfur
Ore: orePhosphorite
Ore: oreSaltpeter
Ore: oreBitumen
Ore: oreMagnesium
Ore: orePotash
Ore: dustSulfur
Ore: dustPhosphorus
Ore: dustSaltpeter
Ore: dustBitumen
Ore: dustPotash
Ore: dustMagnesium
Ore: dustIron
Ore: dustGold
Ore: bricksGravel
Ore: enderobsidian
Ore: burntquartz
Ore: icestone
Ore: blockUnstable
Ore: magicinfusedwood
Ore: endercore
Ore: sandyglass
Ore: glass
Ore: glass
Ore: glass
Ore: glass
Ore: glass
Ore: glass
Ore: bricksStone
Ore: bricksStone
Ore: bricksStone
Ore: bricksStone
Ore: bricksStone
Ore: bricksStone
Ore: bricksStone
Ore: bricksStone
Ore: bricksStone
Ore: bricksStone
Ore: bricksStone
Ore: bricksStone
Ore: bricksStone
Ore: bricksStone
Ore: bricksStone
Ore: bricksStone
Ore: plankWood
Ore: plankWood
Ore: plankWood
Ore: plankWood
Ore: plankWood
Ore: plankWood
Ore: plankWood
Ore: plankWood
Ore: plankWood
Ore: plankWood
Ore: plankWood
Ore: plankWood
Ore: plankWood
Ore: plankWood
Ore: plankWood
Ore: plankWood
Ore: compressedCobblestone1x
Ore: compressedCobblestone2x
Ore: compressedCobblestone3x
Ore: compressedCobblestone4x
Ore: compressedCobblestone5x
Ore: compressedCobblestone6x
Ore: compressedCobblestone7x
Ore: compressedCobblestone8x
Ore: compressedDirt1x
Ore: compressedDirt2x
Ore: compressedDirt3x
Ore: compressedDirt4x
Ore: compressedGravel1x
Ore: compressedGravel2x
Ore: compressedSand1x
Ore: compressedSand2x
Ore: ingotUnstable
Ore: nuggetUnstable
Ore: dustAsh
Fluid: gascraft_naturalgas
Fluid: gascraft_propellent
Fluid: gascraft_hydrogen
Fluid: gascraft_smoke
Fluid: gascraft_toxicgas
Fluid: gascraft_neurotoxin
Fluid: gascraft_corrosivegas
Fluid: gascraft_plasma
Ore: dyeWhite
Ore: dyeOrange
Ore: dyeMagenta
Ore: dyeLightBlue
Ore: dyeYellow
Ore: dyeLime
Ore: dyePink
Ore: dyeGray
Ore: dyeLightGray
Ore: dyeCyan
Ore: dyePurple
Ore: dyeBlue
Ore: dyeBrown
Ore: dyeGreen
Ore: dyeRed
Ore: dyeBlack
Ore: plantBambooAsper
Ore: plantBambooFargesiaRobusta
Ore: plantBambooGiantTimber
Ore: plantBambooGolden
Ore: plantBambooMoso
Ore: plantBambooShortTassled
Ore: plantBambooTimorBlack
Ore: plantBambooTropicalBlue
Ore: plantBambooWetForest
Ore: plantBerrybushBeauty
Ore: plantBerrybushBlack
Ore: plantBerrybushBlue
Ore: plantBerrybushElder
Ore: plantBerrybushGoose
Ore: plantBerrybushHuckle
Ore: plantBerrybushOrange
Ore: plantBerrybushSnow
Ore: plantBerrybushStraw
Ore: foodBeautyberries
Ore: foodBlackberries
Ore: foodBlueberries
Ore: foodElderberries
Ore: foodGooseberries
Ore: foodHuckleberries
Ore: foodOrangeberries
Ore: foodSnowberries
Ore: foodStrawberries
Ore: foodBlackberryTumbler
Ore: foodBlueberrySlushie
Ore: foodGooseberryShake
Ore: foodHuckleberryBubbler
Ore: foodOrangeberryWhip
Ore: foodStrawberrySmoothie
Ore: foodBerrybowl
Ore: foodBlackberryDanish
Ore: foodBlueberryMuffin
Ore: foodGooseberryCobbler
Ore: foodHuckleberryTart
Ore: foodOrangeberrySquare
Ore: foodStrawberryDelight
Ore: cropBeet
Ore: cropBellPepperYellow
Ore: cropCelery
Ore: cropCorn
Ore: cropCucumber
Ore: cropLettuce
Ore: cropOnion
Ore: cropSpinach
Ore: cropTomato
Ore: foodBeet
Ore: foodBellPepperYellow
Ore: foodCelery
Ore: foodCorn
Ore: foodCucumber
Ore: foodLettuce
Ore: foodOnion
Ore: foodSpinach
Ore: foodTomato
Ore: seedBeet
Ore: seedBellPepperYellow
Ore: seedCelery
Ore: seedCorn
Ore: seedCucumber
Ore: seedLettuce
Ore: seedOnion
Ore: seedSpinach
Ore: seedTomato
Ore: plantCactusArmatocereusMatucanensis
Ore: plantCactusBaseballBat
Ore: plantCactusEchinocereusMetornii
Ore: plantCactusGoldenCereus
Ore: plantCactusGoldenSaguaro
Ore: plantCactusMatucanaAureiflora
Ore: plantCactusPricklyPear
Ore: plantCactusSnowPole
Ore: plantCactusToothpick
Ore: plantDesertApachePlume
Ore: plantDesertBrittlebush
Ore: plantDesertBroadLeafGilia
Ore: plantDesertBroomSnakeweed
Ore: plantDesertKangarooPaw
Ore: plantDesertOcotillo
Ore: plantDesertPeninsulaOnion
Ore: plantDesertSeepwood
Ore: plantDesertWhiteSage
Ore: plantEpiphyteArtistsConk
Ore: plantEpiphyteSulphurShelf
Ore: plantEpiphyteTurkeyTail
Ore: plantEpiphyteMistletoe
Ore: plantEpiphyteApacheDwarf
Ore: plantEpiphyteClimbingCactus
Ore: plantEpiphyteCreepingMistletoe
Ore: plantEpiphyteCrimsonCattleya
Ore: plantEpiphyteCuthbertsDendrobium
Ore: plantEpiphyteFishBoneCactus
Ore: plantEpiphyteFragrantFern
Ore: plantEpiphyteHarlequinMistletoe
Ore: plantEpiphyteKingOrchid
Ore: plantEpiphyteLanternForest
Ore: plantEpiphyteLargeFootDendrobium
Ore: plantEpiphyteTampaOrchid
Ore: plantEpiphyteTillandsiaIonantha
Ore: plantEpiphyteWildfire
Ore: plantFernCretanBrake
Ore: plantFernDwarfPalmetto
Ore: plantFernHayScented
Ore: plantFernKangaroo
Ore: plantFernMaidenhairSpleenwort
Ore: plantFernOstrich
Ore: plantFernScalyTree
Ore: plantFernSword
Ore: plantFernWoodsia
Ore: plantFlowerAchillea
Ore: plantFlowerAzalea
Ore: plantFlowerBegonia
Ore: plantFlowerBell
Ore: plantFlowerCarnation
Ore: plantFlowerCelosia
Ore: plantFlowerColumbine
Ore: plantFlowerDahlia
Ore: plantFlowerDaisy
Ore: plantFlowerDelphinium
Ore: plantFlowerGeranium
Ore: plantFlowerGladiolus
Ore: plantFlowerHawkweed
Ore: plantFlowerHydrangea
Ore: plantFlowerLily
Ore: plantFlowerLupine
Ore: plantFlowerMarigold
Ore: plantFlowerNemesia
Ore: plantFlowerRose
Ore: plantFlowerTulip
Ore: plantFlowerAlpineThistle
Ore: plantFlowerBirdofParadise
Ore: plantFlowerBlueStar
Ore: plantFlowerBurningLove
Ore: plantFlowerCandelabraAloe
Ore: plantFlowerDandelion
Ore: plantFlowerDottedBlazingstar
Ore: plantFlowerElephantEars
Ore: plantFlowerFoamFlower
Ore: plantFlowerFuchsia
Ore: plantFlowerJacobsLadder
Ore: plantFlowerLionsTail
Ore: plantFlowerMediterraneanSeaHolly
Ore: plantFlowerMezereon
Ore: plantFlowerNewGuineaImpatiens
Ore: plantFlowerParrotsBeak
Ore: plantFlowerPurpleConeflower
Ore: plantFlowerPeruvianLily
Ore: plantFlowerQuinoa
Ore: plantFlowerRoseCampion
Ore: plantFlowerStreamsideBluebells
Ore: plantFlowerTorchLily
Ore: plantFlowerViolet
Ore: plantFlowerWildCarrot
Ore: plantFlowerWildDaffodil
Ore: plantFlowerWoodlandPinkroot
Ore: plantFlowerYellowToadflax
Ore: plantFungusBlackPowderpuff
Ore: plantFungusChanterelle
Ore: plantFungusDeathCap
Ore: plantFungusGiantClub
Ore: plantFungusParasol
Ore: plantFungusStinkhorn
Ore: plantFungusWeepingMilkCap
Ore: plantFungusWoodBlewit
Ore: plantFungusWoollyGomphus
Ore: plantGrassBlueWheatGrass
Ore: plantGrassCord
Ore: plantGrassFountain
Ore: plantGrassMeadow
Ore: plantGrassMeadowFoxtail
Ore: plantGrassPrairie
Ore: plantGrassSeaOats
Ore: plantGrassSilverMoor
Ore: plantGrassSwitch
Ore: plantGroundcoverClover
Ore: plantGroundcoverGrassGRNLT
Ore: plantGroundcoverGrassGRNDK
Ore: plantGroundcoverFlowers
Ore: plantGroundcoverIvy
Ore: plantGroundcoverLeavesBRN
Ore: plantGroundcoverLeavesGRN
Ore: plantGroundcoverMoss
Ore: plantGroundcoverTwig
Ore: wallBracketWoodBirch
Ore: wallBracketWoodJungle
Ore: wallBracketWoodOak
Ore: wallBracketWoodSpruce
Ore: wallBracketStone
Ore: wallBracketIronCurl
Ore: wallBracketGoldCurl
Ore: plantHangingFlowersRED
Ore: plantHangingFlowersORA
Ore: plantHangingFlowersYEL
Ore: plantHangingFlowersGRN
Ore: plantHangingFlowersCYN
Ore: plantHangingFlowersBLU
Ore: plantHangingFlowersROY
Ore: plantHangingFlowersPUR
Ore: plantHangingFlowersMAG
Ore: plantHangingFlowersPNK
Ore: plantHangingFlowersWHT
Ore: plantHangingFlowersMIX
Ore: plantHangingPricklyPear
Ore: plantHangingScalyTree
Ore: plantHangingPhilodendron
Ore: plantHangingFoliageSMGRN
Ore: plantHangingFoliageMDGRN
Ore: plantHangingFoliageLGGRN
Ore: plantHangingFoliageMDYEL
Ore: plantHangingFoliageMDRED
Ore: plantLeafyColeus
Ore: plantLeafyDevilsShoestring
Ore: plantLeafyDustyMiller
Ore: plantLeafyEmeraldPhilodendron
Ore: plantLeafyKrisPlant
Ore: plantLeafyPaleYucca
Ore: plantLeafyPricklyLettuce
Ore: plantLeafyStingingNettle
Ore: plantLeafyStonecrop
Ore: plantForestArcticGentian
Ore: plantForestAustralianBugle
Ore: plantForestBroadleafMeadowsweet
Ore: plantForestDeadnettle
Ore: plantForestDeceivingTrillium
Ore: plantForestFairySlipper
Ore: plantForestHorseweed
Ore: plantForestKneelingAngelica
Ore: plantForestLilyoftheValley
Ore: plantForestNorthernPitcherPlant
Ore: plantForestPinesap
Ore: plantForestRedHelleborine
Ore: plantForestSalal
Ore: plantForestVanillaLeaf
Ore: plantForestWesternWallflower
Ore: plantForestWildColumbine
Ore: plantForestWildMint
Ore: plantForestWolfsFootClubmoss
Ore: plantMountainAlpineArmeria
Ore: plantMountainAlpineBellflower
Ore: plantMountainBistort
Ore: plantMountainEdelweiss
Ore: plantMountainHouseleek
Ore: plantMountainIris
Ore: plantMountainNorthernWillowherb
Ore: plantMountainScarletTrumpet
Ore: plantMountainYellowBellflower
Ore: plantJungleConeHeadedGuzmania
Ore: plantJungleDevilsTongue
Ore: plantJungleHoneySpurge
Ore: plantJungleJungleLantern
Ore: plantJungleLazarusBell
Ore: plantJungleLobsterClaws
Ore: plantJungleLollipopPlant
Ore: plantJungleMadagascarPalm
Ore: plantJunglePalmLily
Ore: plantJunglePanamaQueen
Ore: plantJunglePorteaAlatisepala
Ore: plantJungleRacinaeaFraseri
Ore: plantJungleRicheaDracophylla
Ore: plantJungleShellflower
Ore: plantJungleSilverVase
Ore: plantJungleStaghornClubmoss
Ore: plantJungleTorchGinger
Ore: plantJungleVoodooLily
Ore: plantSavannaButterflyWeed
Ore: plantSavannaHoaryVervain
Ore: plantSavannaLeadplant
Ore: plantSavannaMarcela
Ore: plantSavannaNorthernBedstraw
Ore: plantSavannaPiersonsMilkVetch
Ore: plantSavannaPropellerPlant
Ore: plantSavannaShonaCabbage
Ore: plantSavannaTexasTickseed
Ore: plantShrubAlpineCurrant
Ore: plantShrubBarberry
Ore: plantShrubBoxwood
Ore: plantShrubButterfly
Ore: plantShrubCanyonCreekAbelia
Ore: plantShrubCapeJasmine
Ore: plantShrubCedarCylinder
Ore: plantShrubCedarGlobe
Ore: plantShrubCedarPyramid
Ore: plantShrubCypressGreen
Ore: plantShrubCypressYellow
Ore: plantShrubDaphne
Ore: plantShrubDwarfElder
Ore: plantShrubHolly
Ore: plantShrubHummingbirdBush
Ore: plantShrubJuniperSavin
Ore: plantShrubKerria
Ore: plantShrubLavender
Ore: plantShrubLindera
Ore: plantShrubMeadowsweet
Ore: plantShrubMottlecah
Ore: plantShrubNinebark
Ore: plantShrubSargentViburnum
Ore: plantShrubSpicebush
Ore: plantShrubWeepingForsythia
Ore: plantShrubWinterberry
Ore: plantShrubWolfWillow
Ore: plantWetlandsCattails
Ore: plantWetlandsClubrush
Ore: plantWetlandsCommonRush
Ore: plantWetlandsFloweringRush
Ore: plantWetlandsPickerelweed
Ore: plantWetlandsReedMannagrass
Ore: plantWetlandsSwampMilkweed
Ore: plantWetlandsWaterHorsetail
Ore: plantWetlandsWhiteTurtlehead
Ore: plantWaterKelpGiantGRN
Ore: plantWaterKelpGiantYEL
Ore: plantWaterCryptWendtii
Ore: plantWaterDwarfHairGrass
Ore: plantWaterMondoGrass
Ore: plantWaterBambooCoralYEL
Ore: plantWaterPulsingXenia
Ore: plantWaterPurpleSeaWhip
Ore: plantWaterRedSeaFan
Ore: plantleafAloe
Ore: powderAloe
Ore: powderBerry
Ore: powderCactus
Ore: powderFern
Ore: powderMushroom
Ore: powderMushroomPoison
Ore: powderLeaf
Ore: powderMoss
Ore: componentSolarPanel
Ore: componentMagnet
Ore: componentComputerChip
Fluid: molten redstone
Fluid: molten conductive redmetal
Ore: blockElectrumFlux
Ore: blockCrystalFlux
Ore: dustElectrumFlux
Ore: ingotElectrumFlux
Ore: nuggetElectrumFlux
Ore: gemCrystalFlux
Ore: obsidianRod
Ore: stoneBowl
Ore: glassWhite
Ore: glassPaneWhite
Ore: dyeCeramicWhite
Ore: glassOrange
Ore: glassPaneOrange
Ore: dyeCeramicOrange
Ore: glassMagenta
Ore: glassPaneMagenta
Ore: dyeCeramicMagenta
Ore: glassLightBlue
Ore: glassPaneLightBlue
Ore: dyeCeramicLightBlue
Ore: glassYellow
Ore: glassPaneYellow
Ore: dyeCeramicYellow
Ore: glassLime
Ore: glassPaneLime
Ore: dyeCeramicLime
Ore: glassPink
Ore: glassPanePink
Ore: dyeCeramicPink
Ore: glassGray
Ore: glassPaneGray
Ore: dyeCeramicGray
Ore: glassLightGray
Ore: glassPaneLightGray
Ore: dyeCeramicLightGray
Ore: glassCyan
Ore: glassPaneCyan
Ore: dyeCeramicCyan
Ore: glassPurple
Ore: glassPanePurple
Ore: dyeCeramicPurple
Ore: glassBlue
Ore: glassPaneBlue
Ore: dyeCeramicBlue
Ore: glassBrown
Ore: glassPaneBrown
Ore: dyeCeramicBrown
Ore: glassGreen
Ore: glassPaneGreen
Ore: dyeCeramicGreen
Ore: glassRed
Ore: glassPaneRed
Ore: dyeCeramicRed
Ore: glassBlack
Ore: glassPaneBlack
Ore: dyeCeramicBlack
Ore: stone
Ore: stone
Ore: cobblestone
Ore: cobblestone
Ore: ingotGold
Ore: ingotIron
Ore: oreGold
Ore: oreIron
Ore: oreLapis
Fluid: molten_cadmium
Fluid: mixture_cadmium
Ore: rubbleCadmium
Ore: dirtyDustCadmium
Ore: dustCadmium
Fluid: molten_deep _iron
Fluid: mixture_deep _iron
Ore: rubbleDeep Iron
Ore: dirtyDustDeep Iron
Ore: dustDeep Iron
Fluid: molten_eximite
Fluid: mixture_eximite
Ore: rubbleEximite
Ore: dirtyDustEximite
Ore: dustEximite
Fluid: molten_atlarus
Fluid: mixture_atlarus
Ore: rubbleAtlarus
Ore: dirtyDustAtlarus
Ore: dustAtlarus
Fluid: molten_alduorite
Fluid: mixture_alduorite
Ore: rubbleAlduorite
Ore: dirtyDustAlduorite
Ore: dustAlduorite
Fluid: molten_platinum
Fluid: mixture_platinum
Ore: rubblePlatinum
Ore: dirtyDustPlatinum
Ore: dustPlatinum
Fluid: molten_cobalt
Fluid: mixture_cobalt
Ore: rubbleCobalt
Ore: dirtyDustCobalt
Ore: dustCobalt
Fluid: molten_ceruclase
Fluid: mixture_ceruclase
Ore: rubbleCeruclase
Ore: dirtyDustCeruclase
Ore: dustCeruclase
Fluid: molten_shadow _iron
Fluid: mixture_shadow _iron
Ore: rubbleShadow Iron
Ore: dirtyDustShadow Iron
Ore: dustShadow Iron
Fluid: molten_lead
Fluid: mixture_lead
Ore: rubbleLead
Ore: dirtyDustLead
Ore: dustLead
Fluid: molten_nickel
Fluid: mixture_nickel
Ore: rubbleNickel
Ore: dirtyDustNickel
Ore: dustNickel
Fluid: molten_indium
Fluid: mixture_indium
Ore: rubbleIndium
Ore: dirtyDustIndium
Ore: dustIndium
Fluid: molten_adamantine
Fluid: mixture_adamantine
Ore: rubbleAdamantine
Ore: dirtyDustAdamantine
Ore: dustAdamantine
Fluid: molten_meutoite
Fluid: mixture_meutoite
Ore: rubbleMeutoite
Ore: dirtyDustMeutoite
Ore: dustMeutoite
Fluid: molten_manganese
Fluid: mixture_manganese
Ore: rubbleManganese
Ore: dirtyDustManganese
Ore: dustManganese
Fluid: molten_sanguinite
Fluid: mixture_sanguinite
Ore: rubbleSanguinite
Ore: dirtyDustSanguinite
Ore: dustSanguinite
Fluid: molten_infuscolium
Fluid: mixture_infuscolium
Ore: rubbleInfuscolium
Ore: dirtyDustInfuscolium
Ore: dustInfuscolium
Fluid: molten_midasium
Fluid: mixture_midasium
Ore: rubbleMidasium
Ore: dirtyDustMidasium
Ore: dustMidasium
Fluid: molten_rubracium
Fluid: mixture_rubracium
Ore: rubbleRubracium
Ore: dirtyDustRubracium
Ore: dustRubracium
Fluid: molten_lemurite
Fluid: mixture_lemurite
Ore: rubbleLemurite
Ore: dirtyDustLemurite
Ore: dustLemurite
Fluid: molten_mithril
Fluid: mixture_mithril
Ore: rubbleMithril
Ore: dirtyDustMithril
Ore: dustMithril
Fluid: molten_ignatius
Fluid: mixture_ignatius
Ore: rubbleIgnatius
Ore: dirtyDustIgnatius
Ore: dustIgnatius
Fluid: molten_iron
Fluid: mixture_iron
Ore: rubbleIron
Ore: dirtyDustIron
Ore: dustIron
Fluid: molten_aluminium
Fluid: mixture_aluminium
Ore: rubbleAluminium
Ore: dirtyDustAluminium
Ore: dustAluminium
Fluid: molten_prometheum
Fluid: mixture_prometheum
Ore: rubblePrometheum
Ore: dirtyDustPrometheum
Ore: dustPrometheum
Fluid: molten_vyroxeres
Fluid: mixture_vyroxeres
Ore: rubbleVyroxeres
Ore: dirtyDustVyroxeres
Ore: dustVyroxeres
Fluid: molten_kalendrite
Fluid: mixture_kalendrite
Ore: rubbleKalendrite
Ore: dirtyDustKalendrite
Ore: dustKalendrite
Fluid: molten_oureclase
Fluid: mixture_oureclase
Ore: rubbleOureclase
Ore: dirtyDustOureclase
Ore: dustOureclase
Fluid: molten_ardite
Fluid: mixture_ardite
Ore: rubbleArdite
Ore: dirtyDustArdite
Ore: dustArdite
Fluid: molten_carmot
Fluid: mixture_carmot
Ore: rubbleCarmot
Ore: dirtyDustCarmot
Ore: dustCarmot
Fluid: molten_vulcanite
Fluid: mixture_vulcanite
Ore: rubbleVulcanite
Ore: dirtyDustVulcanite
Ore: dustVulcanite
Fluid: molten_orichalcum
Fluid: mixture_orichalcum
Ore: rubbleOrichalcum
Ore: dirtyDustOrichalcum
Ore: dustOrichalcum
Fluid: molten_silver
Fluid: mixture_silver
Ore: rubbleSilver
Ore: dirtyDustSilver
Ore: dustSilver
Fluid: molten_aluminum
Fluid: mixture_aluminum
Ore: rubbleAluminum
Ore: dirtyDustAluminum
Ore: dustAluminum
Fluid: molten_astral _silver
Fluid: mixture_astral _silver
Ore: rubbleAstral Silver
Ore: dirtyDustAstral Silver
Ore: dustAstral Silver
Fluid: molten_gold
Fluid: mixture_gold
Ore: rubbleGold
Ore: dirtyDustGold
Ore: dustGold
Fluid: molten_zinc
Fluid: mixture_zinc
Ore: rubbleZinc
Ore: dirtyDustZinc
Ore: dustZinc
Ore: ingotNaturalAluminum
Ore: ingotNaturalAluminum
Ore: ingotAluminium
Ore: ingotNaturalAluminum
Ore: ingotAluminium
Ore: ingotNaturalAluminum
Ore: ingotAluminium
Ore: ingotNaturalAluminum
Ore: ingotAluminium
Ore: ingotNaturalAluminum
Ore: ingotAluminium
Ore: oreCinnabar
Ore: itemQuicksilver
Ore: oreAmber
Ore: gemAmber
Ore: oreInfusedAir
Ore: shardAir
Ore: oreInfusedFire
Ore: shardFire
Ore: oreInfusedWater
Ore: shardWater
Ore: oreInfusedEarth
Ore: shardEarth
Ore: oreInfusedEntropy
Ore: shardEntropy
Ore: oreInfusedOrder
Ore: shardOrder
Ore: oreChimerite
Ore: gemChimerite
Ore: oreVinteum
Ore: dustVinteum
Ore: oreBlueTopaz
Ore: gemBlueTopaz
Ore: oreMoonstone
Ore: gemMoonstone
Ore: oreSunstone
Ore: gemSunstone
Ore: ingotAluminium
Ore: ingotNaturalAluminum
Ore: ingotBronze
Ore: ingotSteel
Ore: ingotDesh
Ore: plateDesh
Ore: plateHeavyT2
Ore: greggy_greg_do_please_kindly_stuff_a_sock_in_it
Ore: ProjRed|Exploration:bag
Ore: ProjRed|Exploration:bag
Ore: ProjRed|Exploration:bag
Ore: ProjRed|Exploration:bag
Ore: ProjRed|Exploration:bag
Ore: ProjRed|Exploration:bag
Ore: ProjRed|Exploration:bag
Ore: ProjRed|Exploration:bag
Ore: ProjRed|Exploration:bag
Ore: ProjRed|Exploration:bag
Ore: ProjRed|Exploration:bag
Ore: ProjRed|Exploration:bag
Ore: ProjRed|Exploration:bag
Ore: ProjRed|Exploration:bag
Ore: ProjRed|Exploration:bag
Ore: ProjRed|Exploration:bag
Ore: gemRuby
Ore: gemSapphire
Ore: gemPeridot
Ore: oreRuby
Ore: oreSapphire
Ore: orePeridot
Ore: projredInsFramedWire
Ore: projredInsulatedWire
Ore: projredInsFramedWire
Ore: projredInsulatedWire
Ore: projredInsFramedWire
Ore: projredInsulatedWire
Ore: projredInsFramedWire
Ore: projredInsulatedWire
Ore: projredInsFramedWire
Ore: projredInsulatedWire
Ore: projredInsFramedWire
Ore: projredInsulatedWire
Ore: projredInsFramedWire
Ore: projredInsulatedWire
Ore: projredInsFramedWire
Ore: projredInsulatedWire
Ore: projredInsFramedWire
Ore: projredInsulatedWire
Ore: projredInsFramedWire
Ore: projredInsulatedWire
Ore: projredInsFramedWire
Ore: projredInsulatedWire
Ore: projredInsFramedWire
Ore: projredInsulatedWire
Ore: projredInsFramedWire
Ore: projredInsulatedWire
Ore: projredInsFramedWire
Ore: projredInsulatedWire
Ore: projredInsFramedWire
Ore: projredInsulatedWire
Ore: projredInsFramedWire
Ore: projredInsulatedWire
Ore: projredBundledCable
Ore: projredBundledCable
Ore: projredBundledCable
Ore: projredBundledCable
Ore: projredBundledCable
Ore: projredBundledCable
Ore: projredBundledCable
Ore: projredBundledCable
Ore: projredBundledCable
Ore: projredBundledCable
Ore: projredBundledCable
Ore: projredBundledCable
Ore: projredBundledCable
Ore: projredBundledCable
Ore: projredBundledCable
Ore: projredBundledCable
Ore: projredBundledCable
Ore: tropicraftmodores
Ore: tropicraftmodbambooBundle
Ore: tropicraftmodcoral
Ore: tropicraftmodchunk_o_head
Ore: tropicraftmodfruit_leaves
Ore: tropicraftmodflowers
Ore: tropicraftmodsaplings
Ore: tropicraftmodlogs
Ore: tropicraftmodpurified_sand
Fluid: tropics_water
Ore: blockObsidian
